<?xml version="1.0" encoding="UTF-8"?>
<!-- Generated by org.testng.reporters.JUnitReportReporter -->
<testsuite hostname="LAPTOP-S0EDEAL3" failures="0" tests="1" name="Test.day2" time="0.002" errors="0" timestamp="2024-12-15T09:04:16 IST" skipped="0">
  <testcase classname="Test.day2" name="demo" time="0.002"/>
</testsuite> <!-- Test.day2 -->
