<?xml version="1.0" encoding="UTF-8"?>
<!-- Generated by org.testng.reporters.JUnitReportReporter -->
<testsuite hostname="LAPTOP-S0EDEAL3" failures="0" tests="3" name="Test.DataProviders" time="0.015" errors="0" timestamp="2024-07-22T13:38:10 IST" skipped="0">
  <testcase classname="Test.DataProviders" name="ti" time="0.003"/>
  <testcase classname="Test.DataProviders" name="ti" time="0.010"/>
  <testcase classname="Test.DataProviders" name="ti" time="0.002"/>
</testsuite> <!-- Test.DataProviders -->
