<?xml version="1.0" encoding="UTF-8"?>
<!-- Generated by org.testng.reporters.JUnitReportReporter -->
<testsuite hostname="LAPTOP-S0EDEAL3" failures="0" tests="3" name="Test.HelperAttribute" time="0.015" errors="0" timestamp="2024-07-22T10:48:25 IST" skipped="1">
  <testcase classname="Test.HelperAttribute" name="B" time="0.013"/>
  <testcase classname="Test.HelperAttribute" name="A" time="0.002"/>
  <testcase classname="Test.HelperAttribute" name="failedMethod">
    <skipped/>
  </testcase> <!-- failedMethod -->
</testsuite> <!-- Test.HelperAttribute -->
