<?xml version="1.0" encoding="UTF-8"?>
<!-- Generated by org.testng.reporters.JUnitReportReporter -->
<testsuite hostname="LAPTOP-S0EDEAL3" failures="0" tests="1" name="Test.xmlParameter" time="3.990" errors="0" timestamp="2024-07-22T13:23:39 IST" skipped="0">
  <testcase classname="Test.xmlParameter" name="urlhit" time="3.990"/>
</testsuite> <!-- Test.xmlParameter -->
