<?xml version="1.0" encoding="UTF-8"?>
<!-- Generated by org.testng.reporters.JUnitReportReporter -->
<testsuite hostname="LAPTOP-S0EDEAL3" failures="0" tests="1" name="Test.ManualLogin" time="0.001" errors="0" timestamp="2024-12-15T09:04:16 IST" skipped="0">
  <testcase classname="Test.ManualLogin" name="homeLogin" time="0.001"/>
</testsuite> <!-- Test.ManualLogin -->
