<?xml version="1.0" encoding="UTF-8"?>
<!-- Generated by org.testng.reporters.JUnitReportReporter -->
<testsuite hostname="LAPTOP-S0EDEAL3" failures="0" tests="2" name="Test.RemoteLogin" time="0.004" errors="0" timestamp="2024-12-15T09:04:16 IST" skipped="0">
  <testcase classname="Test.RemoteLogin" name="homeLogin" time="0.002"/>
  <testcase classname="Test.RemoteLogin" name="carLogin" time="0.002"/>
</testsuite> <!-- Test.RemoteLogin -->
